Loading AAFTF/0.4.0
  Loading requirement: libdeflate/1.14 htslib/1.16 samtools/1.16
Loading fastp/0.23.2
  Loading requirement: libdeflate/1.10 isa-l/8b7c1b8
MTK36 HP008 HP008
[92m[Dec 20 06:38 PM][00m Running AAFTF v0.4.1
[92m[Dec 20 06:38 PM][00m Loading 5,953,672 total reads
[92m[Dec 20 06:38 PM][00m Adapter trimming using fastp
[96mCMD:[00m fastp --low_complexity_filter -l 75 --average_qual 10 -w 24
        --in1=input/MTK36_S36_R1_001.fastq.gz
        --in2=input/MTK36_S36_R2_001.fastq.gz
        --out1=/scratch/jstajich/3217263/MTK36_fastp_1P.fastq.gz
        --out2=/scratch/jstajich/3217263/MTK36_fastp_2P.fastq.gz --dedup
        --html=/scratch/jstajich/3217263/MTK36_fastp.fastp.html
        --json=/scratch/jstajich/3217263/MTK36_fastp.fastp.json
[92m[Dec 20 06:38 PM][00m 5,484,204 reads remaining and writing to file
[92m[Dec 20 06:38 PM][00m Trimming finished:
	For: /scratch/jstajich/3217263/MTK36_fastp_1P.fastq.gz
	Rev /scratch/jstajich/3217263/MTK36_fastp_2P.fastq.gz
[92m[Dec 20 06:38 PM][00m Your next command might be:
	AAFTF filter -l /scratch/jstajich/3217263/MTK36_fastp_1P.fastq.gz -r /scratch/jstajich/3217263/MTK36_fastp_2P.fastq.gz -o /scratch/jstajich/3217263/MTK36_fastp -c 24

[92m[Dec 20 06:38 PM][00m Running AAFTF v0.4.1
[92m[Dec 20 06:38 PM][00m Loading 5,484,204 total reads
[92m[Dec 20 06:38 PM][00m Adapter trimming using fastp
[96mCMD:[00m fastp --low_complexity_filter -l 75 --average_qual 10 -w 24
        --in1=/scratch/jstajich/3217263/MTK36_fastp_1P.fastq.gz
        --in2=/scratch/jstajich/3217263/MTK36_fastp_2P.fastq.gz
        --out1=/scratch/jstajich/3217263/MTK36_fastp2_1P.fastq.gz
        --out2=/scratch/jstajich/3217263/MTK36_fastp2_2P.fastq.gz --cut_right
        --html=/scratch/jstajich/3217263/MTK36_fastp2.fastp.html
        --json=/scratch/jstajich/3217263/MTK36_fastp2.fastp.json
[92m[Dec 20 06:39 PM][00m 5,075,790 reads remaining and writing to file
[92m[Dec 20 06:39 PM][00m Trimming finished:
	For: /scratch/jstajich/3217263/MTK36_fastp2_1P.fastq.gz
	Rev /scratch/jstajich/3217263/MTK36_fastp2_2P.fastq.gz
[92m[Dec 20 06:39 PM][00m Your next command might be:
	AAFTF filter -l /scratch/jstajich/3217263/MTK36_fastp2_1P.fastq.gz -r /scratch/jstajich/3217263/MTK36_fastp2_2P.fastq.gz -o /scratch/jstajich/3217263/MTK36_fastp2 -c 24

[92m[Dec 20 06:39 PM][00m Running AAFTF v0.4.1
[92m[Dec 20 06:39 PM][00m Loading 5,075,790 total reads
[92m[Dec 20 06:39 PM][00m Adapter trimming using BBDuk
[96mCMD:[00m bbduk.sh -Xmx64g ref=adapters t=24 ktrim=r k=23 mink=11 minlen=75
        hdist=1 maq=10 ftm=5 tpe tbo overwrite=true
        in1=/scratch/jstajich/3217263/MTK36_fastp2_1P.fastq.gz
        in2=/scratch/jstajich/3217263/MTK36_fastp2_2P.fastq.gz
        out1=/scratch/jstajich/3217263/MTK36_mito_1P.fastq.gz
        out2=/scratch/jstajich/3217263/MTK36_mito_2P.fastq.gz
[92m[Dec 20 06:39 PM][00m 5,075,562 reads remaining and writing to file
[92m[Dec 20 06:39 PM][00m Trimming finished:
	For: /scratch/jstajich/3217263/MTK36_mito_1P.fastq.gz
	Rev /scratch/jstajich/3217263/MTK36_mito_2P.fastq.gz
[92m[Dec 20 06:39 PM][00m Your next command might be:
	AAFTF filter -l /scratch/jstajich/3217263/MTK36_mito_1P.fastq.gz -r /scratch/jstajich/3217263/MTK36_mito_2P.fastq.gz -o /scratch/jstajich/3217263/MTK36_mito -c 24

[92m[Dec 20 06:39 PM][00m Running AAFTF v0.4.1
[92m[Dec 20 06:39 PM][00m Generating combined contamination database:
/srv/projects/db/AAFTF_DB/NC_001422.fna
/srv/projects/db/AAFTF_DB/UniVec
[92m[Dec 20 06:39 PM][00m Loading 5,075,562 total reads
[92m[Dec 20 06:39 PM][00m Kmer filtering reads using BBDuk
[96mCMD:[00m bbduk.sh -Xmx64g t=24 hdist=1 k=27 overwrite=true
        in=/scratch/jstajich/3217263/MTK36_mito_1P.fastq.gz
        out=/scratch/jstajich/3217263/MTK36_mito_filtered_1.fastq.gz
        in2=/scratch/jstajich/3217263/MTK36_mito_2P.fastq.gz
        out2=/scratch/jstajich/3217263/MTK36_mito_filtered_2.fastq.gz ref=aaftf-
        filter_9731f6a8/contamdb.fa,phix,artifacts,lambda
[92m[Dec 20 06:40 PM][00m 5,660 reads mapped to contamination database
[92m[Dec 20 06:40 PM][00m 5,069,902 reads unmapped and writing to file
[92m[Dec 20 06:40 PM][00m Filtering complete:
	For: /scratch/jstajich/3217263/MTK36_mito_filtered_1.fastq.gz
	Rev: /scratch/jstajich/3217263/MTK36_mito_filtered_2.fastq.gz
[92m[Dec 20 06:40 PM][00m Your next command might be:
	AAFTF assemble -l /scratch/jstajich/3217263/MTK36_mito_filtered_1.fastq.gz -r /scratch/jstajich/3217263/MTK36_mito_filtered_2.fastq.gz -c 24 -o /scratch/jstajich/3217263/MTK36_mito.spades.fasta

[92m[Dec 20 06:40 PM][00m Running AAFTF v0.4.1
[92m[Dec 20 06:40 PM][00m De novo assembling mitochondrial genome using NOVOplasty
[96mCMD:[00m NOVOPlasty.pl -c novo-config.txt
[92m[Dec 20 06:44 PM][00m NOVOplasty assembled complete circular genome
[92m[Dec 20 06:44 PM][00m Rotating assembly to start with Cytochrome b (cob) gene
[92m[Dec 20 06:44 PM][00m ERROR: unable to rotate because did not find --starting sequence

[92m[Dec 20 06:44 PM][00m AAFTF mito complete: asm/mito/HP008.mitochondria.fasta
[92m[Dec 20 06:44 PM][00m Running AAFTF v0.4.1
[92m[Dec 20 06:44 PM][00m Looping through assembly shortest --> longest searching for duplicated contigs using minimap2
[92m[Dec 20 06:44 PM][00m Assembly is 1 contigs; 1,048 bp; and N75 is 1,048 bp
[92m[Dec 20 06:44 PM][00m Will check 0 contigs for duplication --> those that are < 1,048 && > 500
Progress: 0 of 0; remove tally=0; current=mt; length=1048     [92m[Dec 20 06:44 PM][00m Cleaned assembly is 1 contigs and 1,048 bp
[92m[Dec 20 06:44 PM][00m Your next command might be:
	AAFTF pilon -i asm/mito/HP008.rmdup.fasta -l PE_R1.fastq.gz -r PE_R2.fastq.gz -o asm/mito/HP008.pilon.fasta

[92m[Dec 20 06:44 PM][00m Running AAFTF v0.4.1
[92m[Dec 20 06:44 PM][00m Starting Pilon polishing iteration 1
[96mCMD:[00m bwa index HP008.rmdup.fasta
[96mCMD:[00m bwa mem -t 24 HP008.rmdup.fasta
        /scratch/jstajich/3217263/MTK36_mito_filtered_1.fastq.gz
        /scratch/jstajich/3217263/MTK36_mito_filtered_2.fastq.gz
[96mCMD:[00m pilon --genome HP008.rmdup.fasta --frags
        HP008.rmdup.fasta.bwa.bam -Xmx64g --output pilon1 --threads 24 --changes
[92m[Dec 20 06:45 PM][00m Found 0 changes in Pilon iteration 1
[92m[Dec 20 06:45 PM][00m Starting Pilon polishing iteration 2
[96mCMD:[00m bwa index pilon1.fasta
[96mCMD:[00m bwa mem -t 24 pilon1.fasta
        /scratch/jstajich/3217263/MTK36_mito_filtered_1.fastq.gz
        /scratch/jstajich/3217263/MTK36_mito_filtered_2.fastq.gz
[96mCMD:[00m pilon --genome pilon1.fasta --frags pilon1.fasta.bwa.bam -Xmx64g
        --output pilon2 --threads 24 --changes
[92m[Dec 20 06:46 PM][00m Found 0 changes in Pilon iteration 2
[92m[Dec 20 06:46 PM][00m Starting Pilon polishing iteration 3
[96mCMD:[00m bwa index pilon2.fasta
[96mCMD:[00m bwa mem -t 24 pilon2.fasta
        /scratch/jstajich/3217263/MTK36_mito_filtered_1.fastq.gz
        /scratch/jstajich/3217263/MTK36_mito_filtered_2.fastq.gz
[96mCMD:[00m pilon --genome pilon2.fasta --frags pilon2.fasta.bwa.bam -Xmx64g
        --output pilon3 --threads 24 --changes
[92m[Dec 20 06:47 PM][00m Found 0 changes in Pilon iteration 3
[92m[Dec 20 06:47 PM][00m Starting Pilon polishing iteration 4
[96mCMD:[00m bwa index pilon3.fasta
[96mCMD:[00m bwa mem -t 24 pilon3.fasta
        /scratch/jstajich/3217263/MTK36_mito_filtered_1.fastq.gz
        /scratch/jstajich/3217263/MTK36_mito_filtered_2.fastq.gz
[96mCMD:[00m pilon --genome pilon3.fasta --frags pilon3.fasta.bwa.bam -Xmx64g
        --output pilon4 --threads 24 --changes
[92m[Dec 20 06:48 PM][00m Found 0 changes in Pilon iteration 4
[92m[Dec 20 06:48 PM][00m Starting Pilon polishing iteration 5
[96mCMD:[00m bwa index pilon4.fasta
[96mCMD:[00m bwa mem -t 24 pilon4.fasta
        /scratch/jstajich/3217263/MTK36_mito_filtered_1.fastq.gz
        /scratch/jstajich/3217263/MTK36_mito_filtered_2.fastq.gz
[96mCMD:[00m pilon --genome pilon4.fasta --frags pilon4.fasta.bwa.bam -Xmx64g
        --output pilon5 --threads 24 --changes
[92m[Dec 20 06:49 PM][00m Found 0 changes in Pilon iteration 5
[92m[Dec 20 06:49 PM][00m AAFTF pilon completed 5 iterations.
[92m[Dec 20 06:49 PM][00m Pilon polished assembly: asm/mito/HP008.pilon.fasta
[92m[Dec 20 06:49 PM][00m Your next command might be:
	AAFTF sort -i asm/mito/HP008.pilon.fasta -o asm/mito/HP008.final.fasta

[92m[Dec 20 06:49 PM][00m Running AAFTF v0.4.1
[92m[Dec 20 06:49 PM][00m Sorting sequences by length longest --> shortest
[92m[Dec 20 06:49 PM][00m Output written to: asm/mito/HP008.sorted.fasta
[92m[Dec 20 06:49 PM][00m Running AAFTF v0.4.1
Assembly statistics for: asm/mito/HP008.sorted.fasta
   CONTIG COUNT  =  1
   TOTAL LENGTH  =  1048
            MIN  =  1048
            MAX  =  1048
         MEDIAN  =  1048
           MEAN  =  1048.00
            L50  =  1
            N50  =  1048
            L90  =  1
            N90  =  1048
            GC%  =  29.87
  T2T SCAFFOLDS  =  0
   TELOMERE FWD  =  0
   TELOMERE REV  =  0

